==40748== Memcheck, a memory error detector
==40748== Copyright (C) 2002-2011, and GNU GPL'd, by Julian Seward et al.
==40748== Using Valgrind-3.7.0 and LibVEX; rerun with -h for copyright info
==40748== Command: ./RunLife.c++.app
==40748== 
--40748-- ./RunLife.c++.app:
--40748-- dSYM directory is missing; consider using --dsymutil=yes
*** Life<ConwayCell> 109x69 ***
Generation = 0, Population = 35.
.....................................................................
.....................................................................
.....................................................................
.....................................................................
.....................................................................
.....................................................................
.....................................................................
.....................................................................
.....................................................................
.....................................................................
.....................................................................
.....................................................................
.....................................................................
.....................................................................
.....................................................................
.....................................................................
.....................................................................
.....................................................................
.....................................................................
.....................................................................
.....................................................................
.....................................................................
.....................................................................
.....................................................................
.....................................................................
.....................................................................
.....................................................................
.....................................................................
.....................................................................
.....................................................................
.....................................................................
.....................................................................
.....................................................................
.....................................................................
..................................*..................................
..................................*..................................
..................................*..................................
..................................*..................................
..................................*..................................
.....................................................................
..................................*..................................
..................................*..................................
..................................*..................................
..................................*..................................
..................................*..................................
.....................................................................
..................................*..................................
..................................*..................................
..................................*..................................
..................................*..................................
..................................*..................................
.....................................................................
..................................*..................................
..................................*..................................
..................................*..................................
..................................*..................................
..................................*..................................
.....................................................................
..................................*..................................
..................................*..................................
..................................*..................................
..................................*..................................
..................................*..................................
.....................................................................
..................................*..................................
..................................*..................................
..................................*..................................
..................................*..................................
..................................*..................................
.....................................................................
..................................*..................................
..................................*..................................
..................................*..................................
..................................*..................................
..................................*..................................
.....................................................................
.....................................................................
.....................................................................
.....................................................................
.....................................................................
.....................................................................
.....................................................................
.....................................................................
.....................................................................
.....................................................................
.....................................................................
.....................................................................
.....................................................................
.....................................................................
.....................................................................
.....................................................................
.....................................................................
.....................................................................
.....................................................................
.....................................................................
.....................................................................
.....................................................................
.....................................................................
.....................................................................
.....................................................................
.....................................................................
.....................................................................
.....................................................................
.....................................................................
.....................................................................
.....................................................................
.....................................................................
.....................................................................
.....................................................................

Generation = 283, Population = 492.
.....................................................................
.....................................................................
.....................................................................
.....................................................................
....................**.........................**....................
....................**.*.**...............**.*.**....................
....................*..*.*.*.............*.*.*..*....................
.....................*...*.*.............*.*...*.....................
.....................*.**.*...............*.**.*.....................
.......................*.....................*.......................
...................*.**.......................**.*...................
.....................................................................
...................**...........................**...................
.....................................................................
.....................................................................
.....................................................................
.....................................................................
.....................................................................
.....................................................................
.....................................................................
.........*..............***...............***..............*.........
........***...*..........*.................*..........*...***........
.......*..***..*.**...............................**.*..***..*.......
......**...**......*.............................*......**...**......
.....**.*.***.......*......*..*.......*..*......*.......***.*.**.....
.....***.**....***.**......*..*.......*..*......**.***....**.***.....
........*.*....*.....****.*....*.....*....*.****.....*....*.*........
................*****.**..**...*.....*...**..**.*****................
.....**......**.*..**...**....*.......*....**...**..*.**......**.....
....*.......****........**...*.........*...**........****.......*....
....*.*.....**.........................................**.....*.*....
....*.*.......................................................*.*....
...**...........................................................**...
....*.*.......................................................*.*....
.....*.........................................................*.....
............................*...........*............................
...........................*.*.........*.*...........................
...........................*.*.........*.*...........................
............................*...........*............................
.....................................................................
.....................................................................
.....................................................................
.....................................................................
.....................................................................
.....................................................................
.....................................................................
.....................................................................
.....................................................................
.....................................................................
.....................................................................
.....................................................................
.....................................................................
.....................................................................
.....................................................................
.......................***...***.....***...***.......................
.....................................................................
.....................................................................
.....................................................................
.....................................................................
.....................................................................
.....................................................................
.....................................................................
.....................................................................
.....................................................................
.....................................................................
.....................................................................
.....................................................................
.....................................................................
.....................................................................
.....................................................................
............................*...........*............................
...........................*.*.........*.*...........................
...........................*.*.........*.*...........................
............................*...........*............................
.....*.........................................................*.....
....*.*.......................................................*.*....
...**...........................................................**...
....*.*.......................................................*.*....
....*.*.....**.........................................**.....*.*....
....*.......****........**...*.........*...**........****.......*....
.....**......**.*..**...**....*.......*....**...**..*.**......**.....
................*****.**..**...*.....*...**..**.*****................
........*.*....*.....****.*....*.....*....*.****.....*....*.*........
.....***.**....***.**......*..*.......*..*......**.***....**.***.....
.....**.*.***.......*......*..*.......*..*......*.......***.*.**.....
......**...**......*.............................*......**...**......
.......*..***..*.**...............................**.*..***..*.......
........***...*..........*.................*..........*...***........
.........*..............***...............***..............*.........
.....................................................................
.....................................................................
.....................................................................
.....................................................................
.....................................................................
.....................................................................
.....................................................................
...................**...........................**...................
.....................................................................
...................*.**.......................**.*...................
.......................*.....................*.......................
.....................*.**.*...............*.**.*.....................
.....................*...*.*.............*.*...*.....................
....................*..*.*.*.............*.*.*..*....................
....................**.*.**...............**.*.**....................
....................**.........................**....................
.....................................................................
.....................................................................
.....................................................................
.....................................................................

Generation = 323, Population = 192.
.....................................................................
.....................................................................
.....................................................................
....................**.........................**....................
....................**...*.................*...**....................
........................*.*...............*.*........................
........................*..*.............*..*........................
.........................**...............**.........................
.....................................................................
.....................................................................
.....................................................................
.....................................................................
.....................................................................
.....................................................................
.........*.................................................*.........
........*.*...............................................*.*........
........*..*.............................................*..*........
.........**...............................................**.........
.....................................................................
.....................................................................
.............*.........................................*.............
............*.*.......................................*.*............
............*.*.......................................*.*............
.............*.........................................*.............
............................***.......***............................
.....................................................................
..........................*.....*...*.....*..........................
..........................*.....*...*.....*..........................
..........................*.....*...*.....*..........................
.....*.........................................................*.....
.....*......................***.......***......................*.....
.....*.........................................................*.....
.....................................................................
.....................................................................
.....................................................................
............................*...........*............................
...........................*.*.........*.*...........................
...........................*.*.........*.*...........................
............................*...........*............................
.....................................................................
.....................................................................
.....................................................................
.....................................................................
.....................................................................
.....................................................................
.....................................................................
.....................................................................
.....................................................................
.....................................................................
.....................................................................
.....................................................................
.....................................................................
.....................................................................
.....................................................................
.......................***...***.....***...***.......................
.....................................................................
.....................................................................
.....................................................................
.....................................................................
.....................................................................
.....................................................................
.....................................................................
.....................................................................
.....................................................................
.....................................................................
.....................................................................
.....................................................................
.....................................................................
.....................................................................
.....................................................................
............................*...........*............................
...........................*.*.........*.*...........................
...........................*.*.........*.*...........................
............................*...........*............................
.....................................................................
.....................................................................
.....................................................................
.....*.........................................................*.....
.....*......................***.......***......................*.....
.....*.........................................................*.....
..........................*.....*...*.....*..........................
..........................*.....*...*.....*..........................
..........................*.....*...*.....*..........................
.....................................................................
............................***.......***............................
.............*.........................................*.............
............*.*.......................................*.*............
............*.*.......................................*.*............
.............*.........................................*.............
.....................................................................
.....................................................................
.........**...............................................**.........
........*..*.............................................*..*........
........*.*...............................................*.*........
.........*.................................................*.........
.....................................................................
.....................................................................
.....................................................................
.....................................................................
.....................................................................
.....................................................................
.........................**...............**.........................
........................*..*.............*..*........................
........................*.*...............*.*........................
....................**...*.................*...**....................
....................**.........................**....................
.....................................................................
.....................................................................
.....................................................................

Generation = 2823, Population = 192.
.....................................................................
.....................................................................
.....................................................................
....................**.........................**....................
....................**...*.................*...**....................
........................*.*...............*.*........................
........................*..*.............*..*........................
.........................**...............**.........................
.....................................................................
.....................................................................
.....................................................................
.....................................................................
.....................................................................
.....................................................................
.........*.................................................*.........
........*.*...............................................*.*........
........*..*.............................................*..*........
.........**...............................................**.........
.....................................................................
.....................................................................
.............*.........................................*.............
............*.*.......................................*.*............
............*.*.......................................*.*............
.............*.........................................*.............
............................***.......***............................
.....................................................................
..........................*.....*...*.....*..........................
..........................*.....*...*.....*..........................
..........................*.....*...*.....*..........................
.....*.........................................................*.....
.....*......................***.......***......................*.....
.....*.........................................................*.....
.....................................................................
.....................................................................
.....................................................................
............................*...........*............................
...........................*.*.........*.*...........................
...........................*.*.........*.*...........................
............................*...........*............................
.....................................................................
.....................................................................
.....................................................................
.....................................................................
.....................................................................
.....................................................................
.....................................................................
.....................................................................
.....................................................................
.....................................................................
.....................................................................
.....................................................................
.....................................................................
.....................................................................
.....................................................................
.......................***...***.....***...***.......................
.....................................................................
.....................................................................
.....................................................................
.....................................................................
.....................................................................
.....................................................................
.....................................................................
.....................................................................
.....................................................................
.....................................................................
.....................................................................
.....................................................................
.....................................................................
.....................................................................
.....................................................................
............................*...........*............................
...........................*.*.........*.*...........................
...........................*.*.........*.*...........................
............................*...........*............................
.....................................................................
.....................................................................
.....................................................................
.....*.........................................................*.....
.....*......................***.......***......................*.....
.....*.........................................................*.....
..........................*.....*...*.....*..........................
..........................*.....*...*.....*..........................
..........................*.....*...*.....*..........................
.....................................................................
............................***.......***............................
.............*.........................................*.............
............*.*.......................................*.*............
............*.*.......................................*.*............
.............*.........................................*.............
.....................................................................
.....................................................................
.........**...............................................**.........
........*..*.............................................*..*........
........*.*...............................................*.*........
.........*.................................................*.........
.....................................................................
.....................................................................
.....................................................................
.....................................................................
.....................................................................
.....................................................................
.........................**...............**.........................
........................*..*.............*..*........................
........................*.*...............*.*........................
....................**...*.................*...**....................
....................**.........................**....................
.....................................................................
.....................................................................
.....................................................................

*** Life<FredkinCell> 20x20 ***
Generation = 0, Population = 4.
--------------------
--------------------
--------------------
--------------------
--------------------
--------------------
--------------------
--------------------
--------------------
---------00---------
---------00---------
--------------------
--------------------
--------------------
--------------------
--------------------
--------------------
--------------------
--------------------
--------------------

Generation = 1, Population = 8.
--------------------
--------------------
--------------------
--------------------
--------------------
--------------------
--------------------
--------------------
---------00---------
--------0--0--------
--------0--0--------
---------00---------
--------------------
--------------------
--------------------
--------------------
--------------------
--------------------
--------------------
--------------------

Generation = 2, Population = 16.
--------------------
--------------------
--------------------
--------------------
--------------------
--------------------
--------------------
---------00---------
---------11---------
-------01--10-------
-------01--10-------
---------11---------
---------00---------
--------------------
--------------------
--------------------
--------------------
--------------------
--------------------
--------------------

*** Life<Cell> 20x20 ***
Generation = 0, Population = 6.
--------------------
--------------------
--------------------
--------------------
--------------------
--------------------
--------------------
--------------------
--------------------
---------00---------
--------0000--------
--------------------
--------------------
--------------------
--------------------
--------------------
--------------------
--------------------
--------------------
--------------------

Generation = 1, Population = 12.
--------------------
--------------------
--------------------
--------------------
--------------------
--------------------
--------------------
--------------------
---------00---------
--------------------
-------011110-------
--------0000--------
--------------------
--------------------
--------------------
--------------------
--------------------
--------------------
--------------------
--------------------

Generation = 2, Population = 24.
--------------------
--------------------
--------------------
--------------------
--------------------
--------------------
--------------------
---------00---------
--------0110--------
-------00--00-------
------01****10------
---------11---------
--------0000--------
--------------------
--------------------
--------------------
--------------------
--------------------
--------------------
--------------------

Generation = 3, Population = 32.
--------------------
--------------------
--------------------
--------------------
--------------------
--------------------
---------00---------
--------------------
---------**---------
--------1001--------
-----01*....*10-----
------000**000------
-------011110-------
--------0000--------
--------------------
--------------------
--------------------
--------------------
--------------------
--------------------

Generation = 4, Population = 28.
--------------------
--------------------
--------------------
--------------------
--------------------
---------00---------
--------0110--------
--------------------
---------..---------
-----00-*11*-00-----
----01*......*10----
--------1..1--------
--------------------
---------11---------
--------0000--------
--------------------
--------------------
--------------------
--------------------
--------------------

Generation = 5, Population = 52.
--------------------
--------------------
--------------------
--------------------
---------00---------
--------------------
-------01**10-------
--------0000--------
-----00-0**0-00-----
--------.--.--------
---01**.*..*.**10---
----0000-..-0000----
--------1111--------
--------------------
-------011110-------
--------0000--------
--------------------
--------------------
--------------------
--------------------

*** Life<Cell> 5x5 ***
Generation = 0, Population = 5.
-----
-0-0-
--0--
-0-0-
-----

Generation = 10, Population = 4.
--0--
-----
0---0
-----
--0--

Generation = 30, Population = 4.
--0--
-----
0---0
-----
--0--

Generation = 80, Population = 4.
--0--
-----
0---0
-----
--0--

*** Life<Cell> 10x10 ***
Generation = 0, Population = 20.
-0------0-
-0------0-
-0------0-
-0------0-
-0------0-
-0------0-
-0------0-
-0------0-
-0------0-
-0------0-

Generation = 10, Population = 44.
24-2--2-42
---1771---
2--------2
0--3--3--0
13-1--1-31
13-1--1-31
0--3--3--0
2--------2
---1771---
24-2--2-42

Generation = 30, Population = 32.
87------78
----------
8--4--4--8
2-4----4-2
8---88---8
8---88---8
2-4----4-2
8--4--4--8
----------
87------78

Generation = 80, Population = 44.
++------++
++++--++++
+--------+
5--------5
++-+--+-++
++-+--+-++
5--------5
+--------+
++++--++++
++------++

*** Life<Cell> 20x20 ***
Generation = 0, Population = 16.
------00000---------
--------------------
--------------------
--------------------
--------------------
-------------------0
-------------------0
-------------------0
--------------------
--------------------
--------------------
-------------------0
-------------------0
-------------------0
--------------------
--------------------
--------------------
--------------------
--------------------
------00000---------

Generation = 10, Population = 113.
25422-------22--20-1
-----------------2--
-01-----------10010-
-----------0-0---0-5
------100013-1---1-5
---------1-----1-3--
----01--00--00-0---1
---------0-----1---2
----01--0---01------
------11111---------
------111111-1------
----01--00-00--1---2
---------0-0-0-0---1
----01--00-10--1-3--
-----------1-1---1-5
------100012-0---0--
-------------------2
-01-----------100101
--------------------
25422-------22--2--2

Generation = 30, Population = 161.
8--++-+-4-+-+-9-65-2
02--41---------4264-
--+3-2+-6-7-1-8338--
5-----33-----83+062+
-5--48-82-5-4445--4-
-52-----83-+464878--
---3--+6-95648--3---
---83------51745----
-----9--41-1--3-----
-----64-5577-7------
------7-724---------
-------17--2--4-----
----03------1-3-----
------+3-6+-3---5---
--46---43--55-1-5---
----68--1-464-5---3-
45---22------35-0-2-
--96--+-6-7-14+-4--9
0--12----------40-15
++--+-+-4-+-7-+868-7

Generation = 80, Population = 121.
++---++---++---++--+
-7--+7+++-----++8++-
-+----+++++--------+
-+------++---++----+
--------------------
---+-+--++----+--+-+
---+-++++++--+---+-+
-+-----------+---+--
-+-+-+-------------+
-8-+-+--------------
-------------------+
-+-+-+-------+---+--
-9-6-+-------5---+-+
-+----+++++--+---+-+
---+-+--++---+8-----
---+-+-------------+
--------++---++----+
-+----+++++---------
-+--+++++-----8+9+7+
+----++---++---++--+

*** Life<Cell> 50x50 ***
Generation = 0, Population = 192.
-0------0--0------0--00000000--0------0--0------0-
---------------------0------0---------------------
---------------------0------0---------------------
---------------------0------0---------------------
---------------------0------0---------------------
---------------------0------0---------------------
---------------------0------0---------------------
---------------------0------0---------------------
---------------------0------0---------------------
-0------0--0------0--0------0--0------0--0------0-
-0------0--0------0--0------0--0------0--0------0-
---------------------0------0---------------------
---------------------0------0---------------------
---------------------0------0---------------------
---------------------0------0---------------------
---------------------0------0---------------------
---------------------0------0---------------------
---------------------0------0---------------------
---------------------0------0---------------------
-0------0--0------0--0------0--0------0--0------0-
-0------0--0------0--0------0--0------0--0------0-
---------------------0------0---------------------
---------------------0------0---------------------
---------------------0------0---------------------
---------------------0------0---------------------
---------------------0------0---------------------
---------------------0------0---------------------
---------------------0------0---------------------
---------------------0------0---------------------
-0------0--0------0--0------0--0------0--0------0-
-0------0--0------0--0------0--0------0--0------0-
---------------------0------0---------------------
---------------------0------0---------------------
---------------------0------0---------------------
---------------------0------0---------------------
---------------------0------0---------------------
---------------------0------0---------------------
---------------------0------0---------------------
---------------------0------0---------------------
-0------0--0------0--0------0--0------0--0------0-
-0------0--0------0--0------0--0------0--0------0-
---------------------0------0---------------------
---------------------0------0---------------------
---------------------0------0---------------------
---------------------0------0---------------------
---------------------0------0---------------------
---------------------0------0---------------------
---------------------0------0---------------------
---------------------0------0---------------------
-0------0--0------0--00000000--0------0--0------0-

Generation = 1, Population = 504.
0-0----0-00-0----0-00--------00-0----0-00-0----0-0
-0------0--0------0-0--0000--0-0------0--0------0-
--------------------0-0----0-0--------------------
--------------------0-0----0-0--------------------
--------------------0-0----0-0--------------------
--------------------0-0----0-0--------------------
--------------------0-0----0-0--------------------
--------------------0-0----0-0--------------------
-0------0--0------0-0-0----0-0-0------0--0------0-
010----010010----0100-0----0-0010----010010----010
010----010010----0100-0----0-0010----010010----010
-0------0--0------0-0-0----0-0-0------0--0------0-
--------------------0-0----0-0--------------------
--------------------0-0----0-0--------------------
--------------------0-0----0-0--------------------
--------------------0-0----0-0--------------------
--------------------0-0----0-0--------------------
--------------------0-0----0-0--------------------
-0------0--0------0-0-0----0-0-0------0--0------0-
010----010010----0100-0----0-0010----010010----010
010----010010----0100-0----0-0010----010010----010
-0------0--0------0-0-0----0-0-0------0--0------0-
--------------------0-0----0-0--------------------
--------------------0-0----0-0--------------------
--------------------0-0----0-0--------------------
--------------------0-0----0-0--------------------
--------------------0-0----0-0--------------------
--------------------0-0----0-0--------------------
-0------0--0------0-0-0----0-0-0------0--0------0-
010----010010----0100-0----0-0010----010010----010
010----010010----0100-0----0-0010----010010----010
-0------0--0------0-0-0----0-0-0------0--0------0-
--------------------0-0----0-0--------------------
--------------------0-0----0-0--------------------
--------------------0-0----0-0--------------------
--------------------0-0----0-0--------------------
--------------------0-0----0-0--------------------
--------------------0-0----0-0--------------------
-0------0--0------0-0-0----0-0-0------0--0------0-
010----010010----0100-0----0-0010----010010----010
010----010010----0100-0----0-0010----010010----010
-0------0--0------0-0-0----0-0-0------0--0------0-
--------------------0-0----0-0--------------------
--------------------0-0----0-0--------------------
--------------------0-0----0-0--------------------
--------------------0-0----0-0--------------------
--------------------0-0----0-0--------------------
--------------------0-0----0-0--------------------
-0------0--0------0-0--0000--0-0------0--0------0-
0-0----0-00-0----0-00--------00-0----0-00-0----0-0

Generation = 6, Population = 1268.
--1-3-0-2112-0----21-40----04-12----0-2112-0-3-1--
---------------1-0-1-21311312-1-0-1---------------
---000010110100-1---0-3-22-3-0---1-001011010000---
-0------0--0---0--1---1----1---1--0---0--0------0-
---0--0--11--0-01--1-03211230-1--10-0--11--0--0---
---0--0--11--0-01--10010--01001--10-0--11--0--0---
-3-0--0-3113-0-01-010---33---010-10-0-3113-0--0-3-
----00-02--20-0---01---1--1---10---0-02--20-00----
----11-12--21-1---21---1--1---12---1-12--21-11----
--1--113-11-311111-21-303303-12-111113-11-311--1--
--1--113-11-311111-21-303303-12-111113-11-311--1--
----11-12--21-1---21---1--1---12---1-12--21-11----
----00-02--20-0---01---1--1---10---0-02--20-00----
-3-0--0-3113-0-01-010-01--10-010-10-0-3113-0--0-3-
-0-0--0-0110-0-01-310-01--10-013-10-0-0110-0--0-0-
-0-0--0-0110-0-01-310-01--10-013-10-0-0110-0--0-0-
-3-0--0-3113-0-01-010-01--10-010-10-0-3113-0--0-3-
----00-02--20-0---01---1--1---10---0-02--20-00----
----11-12--21-1---21---1--1---12---1-12--21-11----
--1--113-11-311111-21-303303-12-111113-11-311--1--
--1--113-11-311111-21-303303-12-111113-11-311--1--
----11-12--21-1---21---1--1---12---1-12--21-11----
----00-02--20-0---01---1--1---10---0-02--20-00----
-3-0--0-3113-0-01-010-01--10-010-10-0-3113-0--0-3-
-0-0--0-0110-0-01-310-01--10-013-10-0-0110-0--0-0-
-0-0--0-0110-0-01-310-01--10-013-10-0-0110-0--0-0-
-3-0--0-3113-0-01-010-01--10-010-10-0-3113-0--0-3-
----00-02--20-0---01---1--1---10---0-02--20-00----
----11-12--21-1---21---1--1---12---1-12--21-11----
--1--113-11-311111-21-303303-12-111113-11-311--1--
--1--113-11-311111-21-303303-12-111113-11-311--1--
----11-12--21-1---21---1--1---12---1-12--21-11----
----00-02--20-0---01---1--1---10---0-02--20-00----
-3-0--0-3113-0-01-010-01--10-010-10-0-3113-0--0-3-
-0-0--0-0110-0-01-310-01--10-013-10-0-0110-0--0-0-
-0-0--0-0110-0-01-310-01--10-013-10-0-0110-0--0-0-
-3-0--0-3113-0-01-010-01--10-010-10-0-3113-0--0-3-
----00-02--20-0---01---1--1---10---0-02--20-00----
----11-12--21-1---21---1--1---12---1-12--21-11----
--1--113-11-311111-21-303303-12-111113-11-311--1--
--1--113-11-311111-21-303303-12-111113-11-311--1--
----11-12--21-1---21---1--1---12---1-12--21-11----
----00-02--20-0---01---1--1---10---0-02--20-00----
-3-0--0-3113-0-01-010---33---010-10-0-3113-0--0-3-
---0--0--11--0-01--10010--01001--10-0--11--0--0---
---0--0--11--0-01--1-03211230-1--10-0--11--0--0---
-0------0--0---0--1---1----1---1--0---0--0------0-
---000010110100-1---0-3-22-3-0---1-001011010000---
---------------1-0-1-21311312-1-0-1---------------
--1-3-0-2112-0----21-40----04-12----0-2112-0-3-1--

Generation = 16, Population = 500.
--31-3-4445301-5-4----2-44-2----4-5-1035444-3-13--
-----0------3------------------------3------0-----
-----2------1------------------------1------2-----
-2---0--3--22-----2------------2-----22--3--0---2-
-----2------0------------------------0------2-----
-2---2--1--50-----7------------7-----05--1--2---2-
-----0------3------------------------3------0-----
-----2------1------------------------1------2-----
-----6------4------------------------4------6-----
--55-66-----76-7-4----7-88-7----4-7-67-----66-55--
--74-74-----95-6-5----5-66-5----5-6-59-----47-47--
-----9------4------------------------4------9-----
-----2------0------------------------0------2-----
-7---1--8--90-----2------------2-----09--8--1---7-
-----0------1---------473374---------1------0-----
-----0------1--------1------1--------1------0-----
-8---1--7--61-----3---024420---3-----16--7--1---8-
-----2------1------------------------1------2-----
-----7------4------------------------4------7-----
--75-74-----+8-6-5----6-55-6----5-6-8+-----47-57--
--75-74-----+8-6-5----6-55-6----5-6-8+-----47-57--
-----7------4------------------------4------7-----
-----2------1------------------------1------2-----
-8---1--7--61-----3------------3-----16--7--1---8-
-2---0--1--21-----5------------5-----12--1--0---2-
-2---0--1--21-----5------------5-----12--1--0---2-
-8---1--7--61-----3------------3-----16--7--1---8-
-----2------1------------------------1------2-----
-----7------4------------------------4------7-----
--75-74-----+8-6-5----6-55-6----5-6-8+-----47-57--
--75-74-----+8-6-5----6-55-6----5-6-8+-----47-57--
-----7------4------------------------4------7-----
-----2------1------------------------1------2-----
-8---1--7--61-----3---024420---3-----16--7--1---8-
-----0------1--------1------1--------1------0-----
-----0------1---------473374---------1------0-----
-7---1--8--90-----2------------2-----09--8--1---7-
-----2------0------------------------0------2-----
-----9------4------------------------4------9-----
--74-74-----95-6-5----5-66-5----5-6-59-----47-47--
--55-66-----76-7-4----7-88-7----4-7-67-----66-55--
-----6------4------------------------4------6-----
-----2------1------------------------1------2-----
-----0------3------------------------3------0-----
-2---2--1--50-----7------------7-----05--1--2---2-
-----2------0------------------------0------2-----
-2---0--3--22-----2------------2-----22--3--0---2-
-----2------1------------------------1------2-----
-----0------3------------------------3------0-----
--31-3-4445301-5-4----2-44-2----4-5-1035444-3-13--

*** Life<ConwayCell> 5x5 ***
Generation = 0, Population = 5.
.....
.*.*.
..*..
.*.*.
.....

Generation = 10, Population = 4.
.....
..*..
.*.*.
..*..
.....

Generation = 30, Population = 4.
.....
..*..
.*.*.
..*..
.....

Generation = 80, Population = 4.
.....
..*..
.*.*.
..*..
.....

*** Life<ConwayCell> 10x10 ***
Generation = 0, Population = 20.
.*......*.
.*......*.
.*......*.
.*......*.
.*......*.
.*......*.
.*......*.
.*......*.
.*......*.
.*......*.

Generation = 10, Population = 44.
.**....**.
.*.*..*.*.
..******..
...****...
...****...
...****...
...****...
..******..
.*.*..*.*.
.**....**.

Generation = 30, Population = 16.
.**....**.
.**....**.
..........
..........
..........
..........
..........
..........
.**....**.
.**....**.

Generation = 80, Population = 16.
.**....**.
.**....**.
..........
..........
..........
..........
..........
..........
.**....**.
.**....**.

*** Life<ConwayCell> 20x20 ***
Generation = 0, Population = 16.
......*****.........
....................
....................
....................
....................
...................*
...................*
...................*
....................
....................
....................
...................*
...................*
...................*
....................
....................
....................
....................
....................
......*****.........

Generation = 10, Population = 0.
....................
....................
....................
....................
....................
....................
....................
....................
....................
....................
....................
....................
....................
....................
....................
....................
....................
....................
....................
....................

Generation = 30, Population = 0.
....................
....................
....................
....................
....................
....................
....................
....................
....................
....................
....................
....................
....................
....................
....................
....................
....................
....................
....................
....................

Generation = 80, Population = 0.
....................
....................
....................
....................
....................
....................
....................
....................
....................
....................
....................
....................
....................
....................
....................
....................
....................
....................
....................
....................

*** Life<ConwayCell> 50x50 ***
Generation = 0, Population = 192.
.*......*..*......*..********..*......*..*......*.
.....................*......*.....................
.....................*......*.....................
.....................*......*.....................
.....................*......*.....................
.....................*......*.....................
.....................*......*.....................
.....................*......*.....................
.....................*......*.....................
.*......*..*......*..*......*..*......*..*......*.
.*......*..*......*..*......*..*......*..*......*.
.....................*......*.....................
.....................*......*.....................
.....................*......*.....................
.....................*......*.....................
.....................*......*.....................
.....................*......*.....................
.....................*......*.....................
.....................*......*.....................
.*......*..*......*..*......*..*......*..*......*.
.*......*..*......*..*......*..*......*..*......*.
.....................*......*.....................
.....................*......*.....................
.....................*......*.....................
.....................*......*.....................
.....................*......*.....................
.....................*......*.....................
.....................*......*.....................
.....................*......*.....................
.*......*..*......*..*......*..*......*..*......*.
.*......*..*......*..*......*..*......*..*......*.
.....................*......*.....................
.....................*......*.....................
.....................*......*.....................
.....................*......*.....................
.....................*......*.....................
.....................*......*.....................
.....................*......*.....................
.....................*......*.....................
.*......*..*......*..*......*..*......*..*......*.
.*......*..*......*..*......*..*......*..*......*.
.....................*......*.....................
.....................*......*.....................
.....................*......*.....................
.....................*......*.....................
.....................*......*.....................
.....................*......*.....................
.....................*......*.....................
.....................*......*.....................
.*......*..*......*..********..*......*..*......*.

Generation = 1, Population = 308.
.....................********.....................
....................**.****.**....................
....................***....***....................
....................***....***....................
....................***....***....................
....................***....***....................
....................***....***....................
....................***....***....................
....................***....***....................
....................***....***....................
....................***....***....................
....................***....***....................
....................***....***....................
....................***....***....................
....................***....***....................
....................***....***....................
....................***....***....................
....................***....***....................
....................***....***....................
....................***....***....................
....................***....***....................
....................***....***....................
....................***....***....................
....................***....***....................
....................***....***....................
....................***....***....................
....................***....***....................
....................***....***....................
....................***....***....................
....................***....***....................
....................***....***....................
....................***....***....................
....................***....***....................
....................***....***....................
....................***....***....................
....................***....***....................
....................***....***....................
....................***....***....................
....................***....***....................
....................***....***....................
....................***....***....................
....................***....***....................
....................***....***....................
....................***....***....................
....................***....***....................
....................***....***....................
....................***....***....................
....................***....***....................
....................**.****.**....................
.....................********.....................

Generation = 6, Population = 176.
..................................................
..................................................
...................*.*......*.*...................
.....................*......*.....................
................*....*......*....*................
...................*..........*...................
...............*...*..........*...*...............
...............*...*..........*...*...............
...............*...*..........*...*...............
...............*...*..........*...*...............
...............*...*..........*...*...............
...............*...*..........*...*...............
...............*...*..........*...*...............
...............*...*..........*...*...............
...............*...*..........*...*...............
...............*...*..........*...*...............
...............*...*..........*...*...............
...............*...*..........*...*...............
...............*...*..........*...*...............
...............*...*..........*...*...............
...............*...*..........*...*...............
...............*...*..........*...*...............
...............*...*..........*...*...............
...............*...*..........*...*...............
...............*...*..........*...*...............
...............*...*..........*...*...............
...............*...*..........*...*...............
...............*...*..........*...*...............
...............*...*..........*...*...............
...............*...*..........*...*...............
...............*...*..........*...*...............
...............*...*..........*...*...............
...............*...*..........*...*...............
...............*...*..........*...*...............
...............*...*..........*...*...............
...............*...*..........*...*...............
...............*...*..........*...*...............
...............*...*..........*...*...............
...............*...*..........*...*...............
...............*...*..........*...*...............
...............*...*..........*...*...............
...............*...*..........*...*...............
...............*...*..........*...*...............
...............*...*..........*...*...............
...................*..........*...................
................*....*......*....*................
.....................*......*.....................
...................*.*......*.*...................
..................................................
..................................................

Generation = 16, Population = 196.
..................................................
..................................................
..................................................
.....................***..***.....................
.................*.*..........*.*.................
.................**...**..**...**.................
................*......****......*................
...............****............****...............
...............***..*........*..***...............
.....................**.**.**.....................
..................................................
..................................................
..................................................
...........*..........................*...........
.......*.**.*........................*.**.*.......
......*.*....*......................*....*.*......
.....*.......*......................*.......*.....
.....*.......*......................*.......*.....
.....*.......*......................*.......*.....
.....*.......*......................*.......*.....
.....*.......*......................*.......*.....
.....*.......*......................*.......*.....
.....*.......*......................*.......*.....
.....*.......*......................*.......*.....
.....*.......*......................*.......*.....
.....*.......*......................*.......*.....
.....*.......*......................*.......*.....
.....*.......*......................*.......*.....
.....*.......*......................*.......*.....
.....*.......*......................*.......*.....
.....*.......*......................*.......*.....
.....*.......*......................*.......*.....
.....*.......*......................*.......*.....
.....*.......*......................*.......*.....
......*.*....*......................*....*.*......
.......*.**.*........................*.**.*.......
...........*..........................*...........
..................................................
..................................................
..................................................
.....................**.**.**.....................
...............***..*........*..***...............
...............****............****...............
................*......****......*................
.................**...**..**...**.................
.................*.*..........*.*.................
.....................***..***.....................
..................................................
..................................................
..................................................

*** Life<FredkinCell> 5x5 ***
Generation = 0, Population = 5.
-----
-0-0-
--0--
-0-0-
-----

Generation = 10, Population = 4.
--0--
-----
0---0
-----
--0--

Generation = 30, Population = 4.
--0--
-----
0---0
-----
--0--

Generation = 80, Population = 4.
--0--
-----
0---0
-----
--0--

*** Life<FredkinCell> 10x10 ***
Generation = 0, Population = 20.
-0------0-
-0------0-
-0------0-
-0------0-
-0------0-
-0------0-
-0------0-
-0------0-
-0------0-
-0------0-

Generation = 10, Population = 44.
24-2--2-42
---1771---
2--------2
0--3--3--0
13-1--1-31
13-1--1-31
0--3--3--0
2--------2
---1771---
24-2--2-42

Generation = 30, Population = 32.
87------78
----------
8--4--4--8
2-4----4-2
8---88---8
8---88---8
2-4----4-2
8--4--4--8
----------
87------78

Generation = 80, Population = 44.
++------++
++++--++++
+--------+
5--------5
++-+--+-++
++-+--+-++
5--------5
+--------+
++++--++++
++------++

*** Life<FredkinCell> 20x20 ***
Generation = 0, Population = 16.
------00000---------
--------------------
--------------------
--------------------
--------------------
-------------------0
-------------------0
-------------------0
--------------------
--------------------
--------------------
-------------------0
-------------------0
-------------------0
--------------------
--------------------
--------------------
--------------------
--------------------
------00000---------

Generation = 10, Population = 113.
25422-------22--20-1
-----------------2--
-01-----------10010-
-----------0-0---0-5
------100013-1---1-5
---------1-----1-3--
----01--00--00-0---1
---------0-----1---2
----01--0---01------
------11111---------
------111111-1------
----01--00-00--1---2
---------0-0-0-0---1
----01--00-10--1-3--
-----------1-1---1-5
------100012-0---0--
-------------------2
-01-----------100101
--------------------
25422-------22--2--2

Generation = 30, Population = 161.
8--++-+-4-+-+-9-65-2
02--41---------4264-
--+3-2+-6-7-1-8338--
5-----33-----83+062+
-5--48-82-5-4445--4-
-52-----83-+464878--
---3--+6-95648--3---
---83------51745----
-----9--41-1--3-----
-----64-5577-7------
------7-724---------
-------17--2--4-----
----03------1-3-----
------+3-6+-3---5---
--46---43--55-1-5---
----68--1-464-5---3-
45---22------35-0-2-
--96--+-6-7-14+-4--9
0--12----------40-15
++--+-+-4-+-7-+868-7

Generation = 80, Population = 121.
++---++---++---++--+
-7--+7+++-----++8++-
-+----+++++--------+
-+------++---++----+
--------------------
---+-+--++----+--+-+
---+-++++++--+---+-+
-+-----------+---+--
-+-+-+-------------+
-8-+-+--------------
-------------------+
-+-+-+-------+---+--
-9-6-+-------5---+-+
-+----+++++--+---+-+
---+-+--++---+8-----
---+-+-------------+
--------++---++----+
-+----+++++---------
-+--+++++-----8+9+7+
+----++---++---++--+

*** Life<FredkinCell> 50x50 ***
Generation = 0, Population = 192.
-0------0--0------0--00000000--0------0--0------0-
---------------------0------0---------------------
---------------------0------0---------------------
---------------------0------0---------------------
---------------------0------0---------------------
---------------------0------0---------------------
---------------------0------0---------------------
---------------------0------0---------------------
---------------------0------0---------------------
-0------0--0------0--0------0--0------0--0------0-
-0------0--0------0--0------0--0------0--0------0-
---------------------0------0---------------------
---------------------0------0---------------------
---------------------0------0---------------------
---------------------0------0---------------------
---------------------0------0---------------------
---------------------0------0---------------------
---------------------0------0---------------------
---------------------0------0---------------------
-0------0--0------0--0------0--0------0--0------0-
-0------0--0------0--0------0--0------0--0------0-
---------------------0------0---------------------
---------------------0------0---------------------
---------------------0------0---------------------
---------------------0------0---------------------
---------------------0------0---------------------
---------------------0------0---------------------
---------------------0------0---------------------
---------------------0------0---------------------
-0------0--0------0--0------0--0------0--0------0-
-0------0--0------0--0------0--0------0--0------0-
---------------------0------0---------------------
---------------------0------0---------------------
---------------------0------0---------------------
---------------------0------0---------------------
---------------------0------0---------------------
---------------------0------0---------------------
---------------------0------0---------------------
---------------------0------0---------------------
-0------0--0------0--0------0--0------0--0------0-
-0------0--0------0--0------0--0------0--0------0-
---------------------0------0---------------------
---------------------0------0---------------------
---------------------0------0---------------------
---------------------0------0---------------------
---------------------0------0---------------------
---------------------0------0---------------------
---------------------0------0---------------------
---------------------0------0---------------------
-0------0--0------0--00000000--0------0--0------0-

Generation = 1, Population = 504.
0-0----0-00-0----0-00--------00-0----0-00-0----0-0
-0------0--0------0-0--0000--0-0------0--0------0-
--------------------0-0----0-0--------------------
--------------------0-0----0-0--------------------
--------------------0-0----0-0--------------------
--------------------0-0----0-0--------------------
--------------------0-0----0-0--------------------
--------------------0-0----0-0--------------------
-0------0--0------0-0-0----0-0-0------0--0------0-
010----010010----0100-0----0-0010----010010----010
010----010010----0100-0----0-0010----010010----010
-0------0--0------0-0-0----0-0-0------0--0------0-
--------------------0-0----0-0--------------------
--------------------0-0----0-0--------------------
--------------------0-0----0-0--------------------
--------------------0-0----0-0--------------------
--------------------0-0----0-0--------------------
--------------------0-0----0-0--------------------
-0------0--0------0-0-0----0-0-0------0--0------0-
010----010010----0100-0----0-0010----010010----010
010----010010----0100-0----0-0010----010010----010
-0------0--0------0-0-0----0-0-0------0--0------0-
--------------------0-0----0-0--------------------
--------------------0-0----0-0--------------------
--------------------0-0----0-0--------------------
--------------------0-0----0-0--------------------
--------------------0-0----0-0--------------------
--------------------0-0----0-0--------------------
-0------0--0------0-0-0----0-0-0------0--0------0-
010----010010----0100-0----0-0010----010010----010
010----010010----0100-0----0-0010----010010----010
-0------0--0------0-0-0----0-0-0------0--0------0-
--------------------0-0----0-0--------------------
--------------------0-0----0-0--------------------
--------------------0-0----0-0--------------------
--------------------0-0----0-0--------------------
--------------------0-0----0-0--------------------
--------------------0-0----0-0--------------------
-0------0--0------0-0-0----0-0-0------0--0------0-
010----010010----0100-0----0-0010----010010----010
010----010010----0100-0----0-0010----010010----010
-0------0--0------0-0-0----0-0-0------0--0------0-
--------------------0-0----0-0--------------------
--------------------0-0----0-0--------------------
--------------------0-0----0-0--------------------
--------------------0-0----0-0--------------------
--------------------0-0----0-0--------------------
--------------------0-0----0-0--------------------
-0------0--0------0-0--0000--0-0------0--0------0-
0-0----0-00-0----0-00--------00-0----0-00-0----0-0

Generation = 6, Population = 1268.
--1-3-0-2112-0----21-40----04-12----0-2112-0-3-1--
---------------1-0-1-21311312-1-0-1---------------
---000010110100-1---0-3-22-3-0---1-001011010000---
-0------0--0---0--1---1----1---1--0---0--0------0-
---0--0--11--0-01--1-03211230-1--10-0--11--0--0---
---0--0--11--0-01--10010--01001--10-0--11--0--0---
-3-0--0-3113-0-01-010---33---010-10-0-3113-0--0-3-
----00-02--20-0---01---1--1---10---0-02--20-00----
----11-12--21-1---21---1--1---12---1-12--21-11----
--1--113-11-311111-21-303303-12-111113-11-311--1--
--1--113-11-311111-21-303303-12-111113-11-311--1--
----11-12--21-1---21---1--1---12---1-12--21-11----
----00-02--20-0---01---1--1---10---0-02--20-00----
-3-0--0-3113-0-01-010-01--10-010-10-0-3113-0--0-3-
-0-0--0-0110-0-01-310-01--10-013-10-0-0110-0--0-0-
-0-0--0-0110-0-01-310-01--10-013-10-0-0110-0--0-0-
-3-0--0-3113-0-01-010-01--10-010-10-0-3113-0--0-3-
----00-02--20-0---01---1--1---10---0-02--20-00----
----11-12--21-1---21---1--1---12---1-12--21-11----
--1--113-11-311111-21-303303-12-111113-11-311--1--
--1--113-11-311111-21-303303-12-111113-11-311--1--
----11-12--21-1---21---1--1---12---1-12--21-11----
----00-02--20-0---01---1--1---10---0-02--20-00----
-3-0--0-3113-0-01-010-01--10-010-10-0-3113-0--0-3-
-0-0--0-0110-0-01-310-01--10-013-10-0-0110-0--0-0-
-0-0--0-0110-0-01-310-01--10-013-10-0-0110-0--0-0-
-3-0--0-3113-0-01-010-01--10-010-10-0-3113-0--0-3-
----00-02--20-0---01---1--1---10---0-02--20-00----
----11-12--21-1---21---1--1---12---1-12--21-11----
--1--113-11-311111-21-303303-12-111113-11-311--1--
--1--113-11-311111-21-303303-12-111113-11-311--1--
----11-12--21-1---21---1--1---12---1-12--21-11----
----00-02--20-0---01---1--1---10---0-02--20-00----
-3-0--0-3113-0-01-010-01--10-010-10-0-3113-0--0-3-
-0-0--0-0110-0-01-310-01--10-013-10-0-0110-0--0-0-
-0-0--0-0110-0-01-310-01--10-013-10-0-0110-0--0-0-
-3-0--0-3113-0-01-010-01--10-010-10-0-3113-0--0-3-
----00-02--20-0---01---1--1---10---0-02--20-00----
----11-12--21-1---21---1--1---12---1-12--21-11----
--1--113-11-311111-21-303303-12-111113-11-311--1--
--1--113-11-311111-21-303303-12-111113-11-311--1--
----11-12--21-1---21---1--1---12---1-12--21-11----
----00-02--20-0---01---1--1---10---0-02--20-00----
-3-0--0-3113-0-01-010---33---010-10-0-3113-0--0-3-
---0--0--11--0-01--10010--01001--10-0--11--0--0---
---0--0--11--0-01--1-03211230-1--10-0--11--0--0---
-0------0--0---0--1---1----1---1--0---0--0------0-
---000010110100-1---0-3-22-3-0---1-001011010000---
---------------1-0-1-21311312-1-0-1---------------
--1-3-0-2112-0----21-40----04-12----0-2112-0-3-1--

Generation = 16, Population = 500.
--31-3-4445301-5-4----2-44-2----4-5-1035444-3-13--
-----0------3------------------------3------0-----
-----2------1------------------------1------2-----
-2---0--3--22-----2------------2-----22--3--0---2-
-----2------0------------------------0------2-----
-2---2--1--50-----7------------7-----05--1--2---2-
-----0------3------------------------3------0-----
-----2------1------------------------1------2-----
-----6------4------------------------4------6-----
--55-66-----76-7-4----7-88-7----4-7-67-----66-55--
--74-74-----95-6-5----5-66-5----5-6-59-----47-47--
-----9------4------------------------4------9-----
-----2------0------------------------0------2-----
-7---1--8--90-----2------------2-----09--8--1---7-
-----0------1---------473374---------1------0-----
-----0------1--------1------1--------1------0-----
-8---1--7--61-----3---024420---3-----16--7--1---8-
-----2------1------------------------1------2-----
-----7------4------------------------4------7-----
--75-74-----+8-6-5----6-55-6----5-6-8+-----47-57--
--75-74-----+8-6-5----6-55-6----5-6-8+-----47-57--
-----7------4------------------------4------7-----
-----2------1------------------------1------2-----
-8---1--7--61-----3------------3-----16--7--1---8-
-2---0--1--21-----5------------5-----12--1--0---2-
-2---0--1--21-----5------------5-----12--1--0---2-
-8---1--7--61-----3------------3-----16--7--1---8-
-----2------1------------------------1------2-----
-----7------4------------------------4------7-----
--75-74-----+8-6-5----6-55-6----5-6-8+-----47-57--
--75-74-----+8-6-5----6-55-6----5-6-8+-----47-57--
-----7------4------------------------4------7-----
-----2------1------------------------1------2-----
-8---1--7--61-----3---024420---3-----16--7--1---8-
-----0------1--------1------1--------1------0-----
-----0------1---------473374---------1------0-----
-7---1--8--90-----2------------2-----09--8--1---7-
-----2------0------------------------0------2-----
-----9------4------------------------4------9-----
--74-74-----95-6-5----5-66-5----5-6-59-----47-47--
--55-66-----76-7-4----7-88-7----4-7-67-----66-55--
-----6------4------------------------4------6-----
-----2------1------------------------1------2-----
-----0------3------------------------3------0-----
-2---2--1--50-----7------------7-----05--1--2---2-
-----2------0------------------------0------2-----
-2---0--3--22-----2------------2-----22--3--0---2-
-----2------1------------------------1------2-----
-----0------3------------------------3------0-----
--31-3-4445301-5-4----2-44-2----4-5-1035444-3-13--

==40748== 
==40748== HEAP SUMMARY:
==40748==     in use at exit: 17,651 bytes in 38 blocks
==40748==   total heap usage: 21,501,381 allocs, 21,501,343 frees, 345,731,129 bytes allocated
==40748== 
==40748== LEAK SUMMARY:
==40748==    definitely lost: 0 bytes in 0 blocks
==40748==    indirectly lost: 0 bytes in 0 blocks
==40748==      possibly lost: 0 bytes in 0 blocks
==40748==    still reachable: 17,651 bytes in 38 blocks
==40748==         suppressed: 0 bytes in 0 blocks
==40748== Rerun with --leak-check=full to see details of leaked memory
==40748== 
==40748== For counts of detected and suppressed errors, rerun with: -v
==40748== ERROR SUMMARY: 0 errors from 0 contexts (suppressed: 1 from 1)
